input parameters: [{'response': 'price_per_sqm', 'predictors': 'month', 'groupby_features': ['town'], 'observation_type': 'mean'}]
response: price_per_sqm, predictors_feature: month, linear_regression_model_features: ['month', 'price_per_sqm', 'town'], groupby_features: ['town'], observation_type: mean
type: <class 'pandas.core.frame.DataFrame'> vs content:
          month         town         mean
0    2015-01-01   ANG MO KIO  4860.644068
1    2015-01-01        BEDOK  4682.033708
2    2015-01-01       BISHAN  5594.360000
3    2015-01-01  BUKIT BATOK  4326.278689
4    2015-01-01  BUKIT MERAH  6706.693878
...         ...          ...          ...
2621 2023-05-01    SERANGOON  5966.111111
2622 2023-05-01     TAMPINES  6007.542857
2623 2023-05-01    TOA PAYOH  6483.200000
2624 2023-05-01    WOODLANDS  5176.162791
2625 2023-05-01       YISHUN  5442.081633

[2626 rows x 3 columns]
grouped_dataframed columns: Index(['month', 'town', 'mean'], dtype='object')
Linear regression for 'ANG MO KIO:'

[1] group_dataframe content:
          month        town         mean
0    2015-01-01  ANG MO KIO  4860.644068
26   2015-02-01  ANG MO KIO  4817.446154
52   2015-03-01  ANG MO KIO  4778.285714
78   2015-04-01  ANG MO KIO  4811.795455
104  2015-05-01  ANG MO KIO  4808.783784
...         ...         ...          ...
2496 2023-01-01  ANG MO KIO  6413.758333
2522 2023-02-01  ANG MO KIO  6130.235294
2548 2023-03-01  ANG MO KIO  6273.081395
2574 2023-04-01  ANG MO KIO  6153.630137
2600 2023-05-01  ANG MO KIO  6412.393939

[101 rows x 3 columns]
[2] group_dataframe content:
          month        town         mean  row_count
0    2015-01-01  ANG MO KIO  4860.644068          1
26   2015-02-01  ANG MO KIO  4817.446154          2
52   2015-03-01  ANG MO KIO  4778.285714          3
78   2015-04-01  ANG MO KIO  4811.795455          4
104  2015-05-01  ANG MO KIO  4808.783784          5
...         ...         ...          ...        ...
2496 2023-01-01  ANG MO KIO  6413.758333         97
2522 2023-02-01  ANG MO KIO  6130.235294         98
2548 2023-03-01  ANG MO KIO  6273.081395         99
2574 2023-04-01  ANG MO KIO  6153.630137        100
2600 2023-05-01  ANG MO KIO  6412.393939        101

[101 rows x 4 columns]
Linear regression for 'BEDOK:'

[1] group_dataframe content:
          month   town         mean
1    2015-01-01  BEDOK  4682.033708
27   2015-02-01  BEDOK  4666.140845
53   2015-03-01  BEDOK  4691.523364
79   2015-04-01  BEDOK  4679.811881
105  2015-05-01  BEDOK  4623.705263
...         ...    ...          ...
2497 2023-01-01  BEDOK  5634.705882
2523 2023-02-01  BEDOK  5677.009901
2549 2023-03-01  BEDOK  5793.744000
2575 2023-04-01  BEDOK  5918.963303
2601 2023-05-01  BEDOK  5636.648649

[101 rows x 3 columns]
[2] group_dataframe content:
          month   town         mean  row_count
1    2015-01-01  BEDOK  4682.033708          1
27   2015-02-01  BEDOK  4666.140845          2
53   2015-03-01  BEDOK  4691.523364          3
79   2015-04-01  BEDOK  4679.811881          4
105  2015-05-01  BEDOK  4623.705263          5
...         ...    ...          ...        ...
2497 2023-01-01  BEDOK  5634.705882         97
2523 2023-02-01  BEDOK  5677.009901         98
2549 2023-03-01  BEDOK  5793.744000         99
2575 2023-04-01  BEDOK  5918.963303        100
2601 2023-05-01  BEDOK  5636.648649        101

[101 rows x 4 columns]
Linear regression for 'BISHAN:'

[1] group_dataframe content:
          month    town         mean
2    2015-01-01  BISHAN  5594.360000
28   2015-02-01  BISHAN  5669.380952
54   2015-03-01  BISHAN  5636.684211
80   2015-04-01  BISHAN  5799.892857
106  2015-05-01  BISHAN  5494.125000
...         ...     ...          ...
2498 2023-01-01  BISHAN  6939.032258
2524 2023-02-01  BISHAN  6978.363636
2550 2023-03-01  BISHAN  7183.974359
2576 2023-04-01  BISHAN  7190.029412
2602 2023-05-01  BISHAN  6890.600000

[101 rows x 3 columns]
[2] group_dataframe content:
          month    town         mean  row_count
2    2015-01-01  BISHAN  5594.360000          1
28   2015-02-01  BISHAN  5669.380952          2
54   2015-03-01  BISHAN  5636.684211          3
80   2015-04-01  BISHAN  5799.892857          4
106  2015-05-01  BISHAN  5494.125000          5
...         ...     ...          ...        ...
2498 2023-01-01  BISHAN  6939.032258         97
2524 2023-02-01  BISHAN  6978.363636         98
2550 2023-03-01  BISHAN  7183.974359         99
2576 2023-04-01  BISHAN  7190.029412        100
2602 2023-05-01  BISHAN  6890.600000        101

[101 rows x 4 columns]
Linear regression for 'BUKIT BATOK:'

[1] group_dataframe content:
          month         town         mean
3    2015-01-01  BUKIT BATOK  4326.278689
29   2015-02-01  BUKIT BATOK  4289.490196
55   2015-03-01  BUKIT BATOK  4311.485714
81   2015-04-01  BUKIT BATOK  4249.416667
107  2015-05-01  BUKIT BATOK  4258.557143
...         ...          ...          ...
2499 2023-01-01  BUKIT BATOK  6117.581818
2525 2023-02-01  BUKIT BATOK  6217.413333
2551 2023-03-01  BUKIT BATOK  6257.513274
2577 2023-04-01  BUKIT BATOK  6230.741007
2603 2023-05-01  BUKIT BATOK  6029.880952

[101 rows x 3 columns]
[2] group_dataframe content:
          month         town         mean  row_count
3    2015-01-01  BUKIT BATOK  4326.278689          1
29   2015-02-01  BUKIT BATOK  4289.490196          2
55   2015-03-01  BUKIT BATOK  4311.485714          3
81   2015-04-01  BUKIT BATOK  4249.416667          4
107  2015-05-01  BUKIT BATOK  4258.557143          5
...         ...          ...          ...        ...
2499 2023-01-01  BUKIT BATOK  6117.581818         97
2525 2023-02-01  BUKIT BATOK  6217.413333         98
2551 2023-03-01  BUKIT BATOK  6257.513274         99
2577 2023-04-01  BUKIT BATOK  6230.741007        100
2603 2023-05-01  BUKIT BATOK  6029.880952        101

[101 rows x 4 columns]
Linear regression for 'BUKIT MERAH:'

[1] group_dataframe content:
          month         town         mean
4    2015-01-01  BUKIT MERAH  6706.693878
30   2015-02-01  BUKIT MERAH  6285.742857
56   2015-03-01  BUKIT MERAH  5926.395833
82   2015-04-01  BUKIT MERAH  6257.779412
108  2015-05-01  BUKIT MERAH  6708.720000
...         ...          ...          ...
2500 2023-01-01  BUKIT MERAH  7901.174757
2526 2023-02-01  BUKIT MERAH  7496.807018
2552 2023-03-01  BUKIT MERAH  7918.623377
2578 2023-04-01  BUKIT MERAH  7912.825581
2604 2023-05-01  BUKIT MERAH  7787.043478

[101 rows x 3 columns]
[2] group_dataframe content:
          month         town         mean  row_count
4    2015-01-01  BUKIT MERAH  6706.693878          1
30   2015-02-01  BUKIT MERAH  6285.742857          2
56   2015-03-01  BUKIT MERAH  5926.395833          3
82   2015-04-01  BUKIT MERAH  6257.779412          4
108  2015-05-01  BUKIT MERAH  6708.720000          5
...         ...          ...          ...        ...
2500 2023-01-01  BUKIT MERAH  7901.174757         97
2526 2023-02-01  BUKIT MERAH  7496.807018         98
2552 2023-03-01  BUKIT MERAH  7918.623377         99
2578 2023-04-01  BUKIT MERAH  7912.825581        100
2604 2023-05-01  BUKIT MERAH  7787.043478        101

[101 rows x 4 columns]
Linear regression for 'BUKIT PANJANG:'

[1] group_dataframe content:
          month           town         mean
5    2015-01-01  BUKIT PANJANG  4118.700000
31   2015-02-01  BUKIT PANJANG  3896.650000
57   2015-03-01  BUKIT PANJANG  3943.634146
83   2015-04-01  BUKIT PANJANG  4029.866667
109  2015-05-01  BUKIT PANJANG  3849.132353
...         ...            ...          ...
2501 2023-01-01  BUKIT PANJANG  5499.606557
2527 2023-02-01  BUKIT PANJANG  5365.409091
2553 2023-03-01  BUKIT PANJANG  5423.707692
2579 2023-04-01  BUKIT PANJANG  5376.038462
2605 2023-05-01  BUKIT PANJANG  5685.047619

[101 rows x 3 columns]
[2] group_dataframe content:
          month           town         mean  row_count
5    2015-01-01  BUKIT PANJANG  4118.700000          1
31   2015-02-01  BUKIT PANJANG  3896.650000          2
57   2015-03-01  BUKIT PANJANG  3943.634146          3
83   2015-04-01  BUKIT PANJANG  4029.866667          4
109  2015-05-01  BUKIT PANJANG  3849.132353          5
...         ...            ...          ...        ...
2501 2023-01-01  BUKIT PANJANG  5499.606557         97
2527 2023-02-01  BUKIT PANJANG  5365.409091         98
2553 2023-03-01  BUKIT PANJANG  5423.707692         99
2579 2023-04-01  BUKIT PANJANG  5376.038462        100
2605 2023-05-01  BUKIT PANJANG  5685.047619        101

[101 rows x 4 columns]
Linear regression for 'BUKIT TIMAH:'

[1] group_dataframe content:
          month         town         mean
6    2015-01-01  BUKIT TIMAH  6797.000000
32   2015-02-01  BUKIT TIMAH  6540.500000
58   2015-03-01  BUKIT TIMAH  6045.000000
84   2015-04-01  BUKIT TIMAH  6406.000000
110  2015-05-01  BUKIT TIMAH  6650.857143
...         ...          ...          ...
2502 2023-01-01  BUKIT TIMAH  7294.250000
2528 2023-02-01  BUKIT TIMAH  6969.500000
2554 2023-03-01  BUKIT TIMAH  7409.500000
2580 2023-04-01  BUKIT TIMAH  7210.500000
2606 2023-05-01  BUKIT TIMAH          NaN

[101 rows x 3 columns]
[2] group_dataframe content:
          month         town         mean  row_count
6    2015-01-01  BUKIT TIMAH  6797.000000          1
32   2015-02-01  BUKIT TIMAH  6540.500000          2
58   2015-03-01  BUKIT TIMAH  6045.000000          3
84   2015-04-01  BUKIT TIMAH  6406.000000          4
110  2015-05-01  BUKIT TIMAH  6650.857143          5
...         ...          ...          ...        ...
2502 2023-01-01  BUKIT TIMAH  7294.250000         97
2528 2023-02-01  BUKIT TIMAH  6969.500000         98
2554 2023-03-01  BUKIT TIMAH  7409.500000         99
2580 2023-04-01  BUKIT TIMAH  7210.500000        100
2606 2023-05-01  BUKIT TIMAH          NaN        101

[101 rows x 4 columns]
Linear regression for 'CENTRAL AREA:'

[1] group_dataframe content:
          month          town          mean
7    2015-01-01  CENTRAL AREA   8358.466667
33   2015-02-01  CENTRAL AREA   8791.136364
59   2015-03-01  CENTRAL AREA   8230.250000
85   2015-04-01  CENTRAL AREA   8275.058824
111  2015-05-01  CENTRAL AREA   8339.687500
...         ...           ...           ...
2503 2023-01-01  CENTRAL AREA   8361.571429
2529 2023-02-01  CENTRAL AREA   8318.944444
2555 2023-03-01  CENTRAL AREA   8705.238095
2581 2023-04-01  CENTRAL AREA   9549.923077
2607 2023-05-01  CENTRAL AREA  12957.000000

[101 rows x 3 columns]
[2] group_dataframe content:
          month          town          mean  row_count
7    2015-01-01  CENTRAL AREA   8358.466667          1
33   2015-02-01  CENTRAL AREA   8791.136364          2
59   2015-03-01  CENTRAL AREA   8230.250000          3
85   2015-04-01  CENTRAL AREA   8275.058824          4
111  2015-05-01  CENTRAL AREA   8339.687500          5
...         ...           ...           ...        ...
2503 2023-01-01  CENTRAL AREA   8361.571429         97
2529 2023-02-01  CENTRAL AREA   8318.944444         98
2555 2023-03-01  CENTRAL AREA   8705.238095         99
2581 2023-04-01  CENTRAL AREA   9549.923077        100
2607 2023-05-01  CENTRAL AREA  12957.000000        101

[101 rows x 4 columns]
Linear regression for 'CHOA CHU KANG:'

[1] group_dataframe content:
          month           town         mean
8    2015-01-01  CHOA CHU KANG  3715.379310
34   2015-02-01  CHOA CHU KANG  3693.386364
60   2015-03-01  CHOA CHU KANG  3755.281250
86   2015-04-01  CHOA CHU KANG  3634.191176
112  2015-05-01  CHOA CHU KANG  3583.200000
...         ...            ...          ...
2504 2023-01-01  CHOA CHU KANG  5101.311475
2530 2023-02-01  CHOA CHU KANG  5087.853933
2556 2023-03-01  CHOA CHU KANG  4944.950495
2582 2023-04-01  CHOA CHU KANG  5014.020833
2608 2023-05-01  CHOA CHU KANG  5265.606061

[101 rows x 3 columns]
[2] group_dataframe content:
          month           town         mean  row_count
8    2015-01-01  CHOA CHU KANG  3715.379310          1
34   2015-02-01  CHOA CHU KANG  3693.386364          2
60   2015-03-01  CHOA CHU KANG  3755.281250          3
86   2015-04-01  CHOA CHU KANG  3634.191176          4
112  2015-05-01  CHOA CHU KANG  3583.200000          5
...         ...            ...          ...        ...
2504 2023-01-01  CHOA CHU KANG  5101.311475         97
2530 2023-02-01  CHOA CHU KANG  5087.853933         98
2556 2023-03-01  CHOA CHU KANG  4944.950495         99
2582 2023-04-01  CHOA CHU KANG  5014.020833        100
2608 2023-05-01  CHOA CHU KANG  5265.606061        101

[101 rows x 4 columns]
Linear regression for 'CLEMENTI:'

[1] group_dataframe content:
          month      town         mean
9    2015-01-01  CLEMENTI  5014.500000
35   2015-02-01  CLEMENTI  5394.370370
61   2015-03-01  CLEMENTI  5114.866667
87   2015-04-01  CLEMENTI  5290.698113
113  2015-05-01  CLEMENTI  5237.214286
...         ...       ...          ...
2505 2023-01-01  CLEMENTI  6792.430556
2531 2023-02-01  CLEMENTI  6386.522727
2557 2023-03-01  CLEMENTI  6983.062500
2583 2023-04-01  CLEMENTI  6833.302326
2609 2023-05-01  CLEMENTI  7498.555556

[101 rows x 3 columns]
[2] group_dataframe content:
          month      town         mean  row_count
9    2015-01-01  CLEMENTI  5014.500000          1
35   2015-02-01  CLEMENTI  5394.370370          2
61   2015-03-01  CLEMENTI  5114.866667          3
87   2015-04-01  CLEMENTI  5290.698113          4
113  2015-05-01  CLEMENTI  5237.214286          5
...         ...       ...          ...        ...
2505 2023-01-01  CLEMENTI  6792.430556         97
2531 2023-02-01  CLEMENTI  6386.522727         98
2557 2023-03-01  CLEMENTI  6983.062500         99
2583 2023-04-01  CLEMENTI  6833.302326        100
2609 2023-05-01  CLEMENTI  7498.555556        101

[101 rows x 4 columns]
Linear regression for 'GEYLANG:'

[1] group_dataframe content:
          month     town         mean
10   2015-01-01  GEYLANG  5232.885714
36   2015-02-01  GEYLANG  4965.793103
62   2015-03-01  GEYLANG  5241.785714
88   2015-04-01  GEYLANG  4880.568627
114  2015-05-01  GEYLANG  5374.621622
...         ...      ...          ...
2506 2023-01-01  GEYLANG  6044.579710
2532 2023-02-01  GEYLANG  6148.521739
2558 2023-03-01  GEYLANG  6196.313433
2584 2023-04-01  GEYLANG  6356.127660
2610 2023-05-01  GEYLANG  6880.384615

[101 rows x 3 columns]
[2] group_dataframe content:
          month     town         mean  row_count
10   2015-01-01  GEYLANG  5232.885714          1
36   2015-02-01  GEYLANG  4965.793103          2
62   2015-03-01  GEYLANG  5241.785714          3
88   2015-04-01  GEYLANG  4880.568627          4
114  2015-05-01  GEYLANG  5374.621622          5
...         ...      ...          ...        ...
2506 2023-01-01  GEYLANG  6044.579710         97
2532 2023-02-01  GEYLANG  6148.521739         98
2558 2023-03-01  GEYLANG  6196.313433         99
2584 2023-04-01  GEYLANG  6356.127660        100
2610 2023-05-01  GEYLANG  6880.384615        101

[101 rows x 4 columns]
Linear regression for 'HOUGANG:'

[1] group_dataframe content:
          month     town         mean
11   2015-01-01  HOUGANG  4324.016129
37   2015-02-01  HOUGANG  4384.107692
63   2015-03-01  HOUGANG  4247.704918
89   2015-04-01  HOUGANG  4313.819149
115  2015-05-01  HOUGANG  4294.521277
...         ...      ...          ...
2507 2023-01-01  HOUGANG  5702.047619
2533 2023-02-01  HOUGANG  5594.432990
2559 2023-03-01  HOUGANG  5662.965812
2585 2023-04-01  HOUGANG  5698.344086
2611 2023-05-01  HOUGANG  5689.935484

[101 rows x 3 columns]
[2] group_dataframe content:
          month     town         mean  row_count
11   2015-01-01  HOUGANG  4324.016129          1
37   2015-02-01  HOUGANG  4384.107692          2
63   2015-03-01  HOUGANG  4247.704918          3
89   2015-04-01  HOUGANG  4313.819149          4
115  2015-05-01  HOUGANG  4294.521277          5
...         ...      ...          ...        ...
2507 2023-01-01  HOUGANG  5702.047619         97
2533 2023-02-01  HOUGANG  5594.432990         98
2559 2023-03-01  HOUGANG  5662.965812         99
2585 2023-04-01  HOUGANG  5698.344086        100
2611 2023-05-01  HOUGANG  5689.935484        101

[101 rows x 4 columns]
Linear regression for 'JURONG EAST:'

[1] group_dataframe content:
          month         town         mean
12   2015-01-01  JURONG EAST  4513.307692
38   2015-02-01  JURONG EAST  4362.444444
64   2015-03-01  JURONG EAST  4341.666667
90   2015-04-01  JURONG EAST  4390.827586
116  2015-05-01  JURONG EAST  4542.187500
...         ...          ...          ...
2508 2023-01-01  JURONG EAST  5147.155556
2534 2023-02-01  JURONG EAST  5317.473684
2560 2023-03-01  JURONG EAST  5215.666667
2586 2023-04-01  JURONG EAST  5122.717949
2612 2023-05-01  JURONG EAST  5203.800000

[101 rows x 3 columns]
[2] group_dataframe content:
          month         town         mean  row_count
12   2015-01-01  JURONG EAST  4513.307692          1
38   2015-02-01  JURONG EAST  4362.444444          2
64   2015-03-01  JURONG EAST  4341.666667          3
90   2015-04-01  JURONG EAST  4390.827586          4
116  2015-05-01  JURONG EAST  4542.187500          5
...         ...          ...          ...        ...
2508 2023-01-01  JURONG EAST  5147.155556         97
2534 2023-02-01  JURONG EAST  5317.473684         98
2560 2023-03-01  JURONG EAST  5215.666667         99
2586 2023-04-01  JURONG EAST  5122.717949        100
2612 2023-05-01  JURONG EAST  5203.800000        101

[101 rows x 4 columns]
Linear regression for 'JURONG WEST:'

[1] group_dataframe content:
          month         town         mean
13   2015-01-01  JURONG WEST  4016.317308
39   2015-02-01  JURONG WEST  4016.270833
65   2015-03-01  JURONG WEST  3995.257732
91   2015-04-01  JURONG WEST  3962.702128
117  2015-05-01  JURONG WEST  4038.195122
...         ...          ...          ...
2509 2023-01-01  JURONG WEST  5153.025974
2535 2023-02-01  JURONG WEST  4953.596154
2561 2023-03-01  JURONG WEST  5107.561983
2587 2023-04-01  JURONG WEST  5150.884615
2613 2023-05-01  JURONG WEST  5242.517241

[101 rows x 3 columns]
[2] group_dataframe content:
          month         town         mean  row_count
13   2015-01-01  JURONG WEST  4016.317308          1
39   2015-02-01  JURONG WEST  4016.270833          2
65   2015-03-01  JURONG WEST  3995.257732          3
91   2015-04-01  JURONG WEST  3962.702128          4
117  2015-05-01  JURONG WEST  4038.195122          5
...         ...          ...          ...        ...
2509 2023-01-01  JURONG WEST  5153.025974         97
2535 2023-02-01  JURONG WEST  4953.596154         98
2561 2023-03-01  JURONG WEST  5107.561983         99
2587 2023-04-01  JURONG WEST  5150.884615        100
2613 2023-05-01  JURONG WEST  5242.517241        101

[101 rows x 4 columns]
Linear regression for 'KALLANG/WHAMPOA:'

[1] group_dataframe content:
          month             town         mean
14   2015-01-01  KALLANG/WHAMPOA  5595.047619
40   2015-02-01  KALLANG/WHAMPOA  5469.437500
66   2015-03-01  KALLANG/WHAMPOA  5694.000000
92   2015-04-01  KALLANG/WHAMPOA  5525.907407
118  2015-05-01  KALLANG/WHAMPOA  5489.000000
...         ...              ...          ...
2510 2023-01-01  KALLANG/WHAMPOA  7101.177778
2536 2023-02-01  KALLANG/WHAMPOA  7089.830508
2562 2023-03-01  KALLANG/WHAMPOA  7202.357143
2588 2023-04-01  KALLANG/WHAMPOA  6976.771084
2614 2023-05-01  KALLANG/WHAMPOA  7376.136364

[101 rows x 3 columns]
[2] group_dataframe content:
          month             town         mean  row_count
14   2015-01-01  KALLANG/WHAMPOA  5595.047619          1
40   2015-02-01  KALLANG/WHAMPOA  5469.437500          2
66   2015-03-01  KALLANG/WHAMPOA  5694.000000          3
92   2015-04-01  KALLANG/WHAMPOA  5525.907407          4
118  2015-05-01  KALLANG/WHAMPOA  5489.000000          5
...         ...              ...          ...        ...
2510 2023-01-01  KALLANG/WHAMPOA  7101.177778         97
2536 2023-02-01  KALLANG/WHAMPOA  7089.830508         98
2562 2023-03-01  KALLANG/WHAMPOA  7202.357143         99
2588 2023-04-01  KALLANG/WHAMPOA  6976.771084        100
2614 2023-05-01  KALLANG/WHAMPOA  7376.136364        101

[101 rows x 4 columns]
Linear regression for 'MARINE PARADE:'

[1] group_dataframe content:
          month           town         mean
15   2015-01-01  MARINE PARADE  6668.666667
41   2015-02-01  MARINE PARADE  6442.857143
67   2015-03-01  MARINE PARADE  6067.583333
93   2015-04-01  MARINE PARADE  6198.727273
119  2015-05-01  MARINE PARADE  6334.222222
...         ...            ...          ...
2511 2023-01-01  MARINE PARADE  6765.647059
2537 2023-02-01  MARINE PARADE  6338.666667
2563 2023-03-01  MARINE PARADE  6591.375000
2589 2023-04-01  MARINE PARADE  6551.916667
2615 2023-05-01  MARINE PARADE  7322.750000

[101 rows x 3 columns]
[2] group_dataframe content:
          month           town         mean  row_count
15   2015-01-01  MARINE PARADE  6668.666667          1
41   2015-02-01  MARINE PARADE  6442.857143          2
67   2015-03-01  MARINE PARADE  6067.583333          3
93   2015-04-01  MARINE PARADE  6198.727273          4
119  2015-05-01  MARINE PARADE  6334.222222          5
...         ...            ...          ...        ...
2511 2023-01-01  MARINE PARADE  6765.647059         97
2537 2023-02-01  MARINE PARADE  6338.666667         98
2563 2023-03-01  MARINE PARADE  6591.375000         99
2589 2023-04-01  MARINE PARADE  6551.916667        100
2615 2023-05-01  MARINE PARADE  7322.750000        101

[101 rows x 4 columns]
Linear regression for 'PASIR RIS:'

[1] group_dataframe content:
          month       town         mean
16   2015-01-01  PASIR RIS  3957.901961
42   2015-02-01  PASIR RIS  3853.171429
68   2015-03-01  PASIR RIS  3917.122449
94   2015-04-01  PASIR RIS  3887.395349
120  2015-05-01  PASIR RIS  3910.415385
...         ...        ...          ...
2512 2023-01-01  PASIR RIS  5249.528571
2538 2023-02-01  PASIR RIS  5335.486486
2564 2023-03-01  PASIR RIS  5318.533333
2590 2023-04-01  PASIR RIS  5596.148148
2616 2023-05-01  PASIR RIS  5072.000000

[101 rows x 3 columns]
[2] group_dataframe content:
          month       town         mean  row_count
16   2015-01-01  PASIR RIS  3957.901961          1
42   2015-02-01  PASIR RIS  3853.171429          2
68   2015-03-01  PASIR RIS  3917.122449          3
94   2015-04-01  PASIR RIS  3887.395349          4
120  2015-05-01  PASIR RIS  3910.415385          5
...         ...        ...          ...        ...
2512 2023-01-01  PASIR RIS  5249.528571         97
2538 2023-02-01  PASIR RIS  5335.486486         98
2564 2023-03-01  PASIR RIS  5318.533333         99
2590 2023-04-01  PASIR RIS  5596.148148        100
2616 2023-05-01  PASIR RIS  5072.000000        101

[101 rows x 4 columns]
Linear regression for 'PUNGGOL:'

[1] group_dataframe content:
          month     town         mean
17   2015-01-01  PUNGGOL  4553.750000
43   2015-02-01  PUNGGOL  4346.415094
69   2015-03-01  PUNGGOL  4433.654545
95   2015-04-01  PUNGGOL  4376.382979
121  2015-05-01  PUNGGOL  4247.895833
...         ...      ...          ...
2513 2023-01-01  PUNGGOL  6298.435000
2539 2023-02-01  PUNGGOL  6211.325153
2565 2023-03-01  PUNGGOL  6309.106383
2591 2023-04-01  PUNGGOL  6355.898396
2617 2023-05-01  PUNGGOL  6422.280000

[101 rows x 3 columns]
[2] group_dataframe content:
          month     town         mean  row_count
17   2015-01-01  PUNGGOL  4553.750000          1
43   2015-02-01  PUNGGOL  4346.415094          2
69   2015-03-01  PUNGGOL  4433.654545          3
95   2015-04-01  PUNGGOL  4376.382979          4
121  2015-05-01  PUNGGOL  4247.895833          5
...         ...      ...          ...        ...
2513 2023-01-01  PUNGGOL  6298.435000         97
2539 2023-02-01  PUNGGOL  6211.325153         98
2565 2023-03-01  PUNGGOL  6309.106383         99
2591 2023-04-01  PUNGGOL  6355.898396        100
2617 2023-05-01  PUNGGOL  6422.280000        101

[101 rows x 4 columns]
Linear regression for 'QUEENSTOWN:'

[1] group_dataframe content:
          month        town         mean
18   2015-01-01  QUEENSTOWN  6436.735294
44   2015-02-01  QUEENSTOWN  6524.341463
70   2015-03-01  QUEENSTOWN  6362.914286
96   2015-04-01  QUEENSTOWN  6515.307692
122  2015-05-01  QUEENSTOWN  6397.800000
...         ...         ...          ...
2514 2023-01-01  QUEENSTOWN  7970.821429
2540 2023-02-01  QUEENSTOWN  7943.780488
2566 2023-03-01  QUEENSTOWN  8105.441176
2592 2023-04-01  QUEENSTOWN  8056.540000
2618 2023-05-01  QUEENSTOWN  8905.333333

[101 rows x 3 columns]
[2] group_dataframe content:
          month        town         mean  row_count
18   2015-01-01  QUEENSTOWN  6436.735294          1
44   2015-02-01  QUEENSTOWN  6524.341463          2
70   2015-03-01  QUEENSTOWN  6362.914286          3
96   2015-04-01  QUEENSTOWN  6515.307692          4
122  2015-05-01  QUEENSTOWN  6397.800000          5
...         ...         ...          ...        ...
2514 2023-01-01  QUEENSTOWN  7970.821429         97
2540 2023-02-01  QUEENSTOWN  7943.780488         98
2566 2023-03-01  QUEENSTOWN  8105.441176         99
2592 2023-04-01  QUEENSTOWN  8056.540000        100
2618 2023-05-01  QUEENSTOWN  8905.333333        101

[101 rows x 4 columns]
Linear regression for 'SEMBAWANG:'

[1] group_dataframe content:
          month       town         mean
19   2015-01-01  SEMBAWANG  3920.750000
45   2015-02-01  SEMBAWANG  3816.704545
71   2015-03-01  SEMBAWANG  3863.648649
97   2015-04-01  SEMBAWANG  3775.894737
123  2015-05-01  SEMBAWANG  3824.377778
...         ...        ...          ...
2515 2023-01-01  SEMBAWANG  5761.521739
2541 2023-02-01  SEMBAWANG  5823.466667
2567 2023-03-01  SEMBAWANG  5704.481013
2593 2023-04-01  SEMBAWANG  5871.733333
2619 2023-05-01  SEMBAWANG  5901.068966

[101 rows x 3 columns]
[2] group_dataframe content:
          month       town         mean  row_count
19   2015-01-01  SEMBAWANG  3920.750000          1
45   2015-02-01  SEMBAWANG  3816.704545          2
71   2015-03-01  SEMBAWANG  3863.648649          3
97   2015-04-01  SEMBAWANG  3775.894737          4
123  2015-05-01  SEMBAWANG  3824.377778          5
...         ...        ...          ...        ...
2515 2023-01-01  SEMBAWANG  5761.521739         97
2541 2023-02-01  SEMBAWANG  5823.466667         98
2567 2023-03-01  SEMBAWANG  5704.481013         99
2593 2023-04-01  SEMBAWANG  5871.733333        100
2619 2023-05-01  SEMBAWANG  5901.068966        101

[101 rows x 4 columns]
Linear regression for 'SENGKANG:'

[1] group_dataframe content:
          month      town         mean
20   2015-01-01  SENGKANG  4456.440000
46   2015-02-01  SENGKANG  4469.112676
72   2015-03-01  SENGKANG  4479.482353
98   2015-04-01  SENGKANG  4300.245283
124  2015-05-01  SENGKANG  4407.421053
...         ...       ...          ...
2516 2023-01-01  SENGKANG  5914.891720
2542 2023-02-01  SENGKANG  5802.349593
2568 2023-03-01  SENGKANG  5955.717949
2594 2023-04-01  SENGKANG  6091.067039
2620 2023-05-01  SENGKANG  5756.680851

[101 rows x 3 columns]
[2] group_dataframe content:
          month      town         mean  row_count
20   2015-01-01  SENGKANG  4456.440000          1
46   2015-02-01  SENGKANG  4469.112676          2
72   2015-03-01  SENGKANG  4479.482353          3
98   2015-04-01  SENGKANG  4300.245283          4
124  2015-05-01  SENGKANG  4407.421053          5
...         ...       ...          ...        ...
2516 2023-01-01  SENGKANG  5914.891720         97
2542 2023-02-01  SENGKANG  5802.349593         98
2568 2023-03-01  SENGKANG  5955.717949         99
2594 2023-04-01  SENGKANG  6091.067039        100
2620 2023-05-01  SENGKANG  5756.680851        101

[101 rows x 4 columns]
Linear regression for 'SERANGOON:'

[1] group_dataframe content:
          month       town         mean
21   2015-01-01  SERANGOON  4922.421053
47   2015-02-01  SERANGOON  4694.578947
73   2015-03-01  SERANGOON  4935.189189
99   2015-04-01  SERANGOON  5085.846154
125  2015-05-01  SERANGOON  4604.062500
...         ...        ...          ...
2517 2023-01-01  SERANGOON  5975.311111
2543 2023-02-01  SERANGOON  6141.647059
2569 2023-03-01  SERANGOON  6116.785714
2595 2023-04-01  SERANGOON  5881.750000
2621 2023-05-01  SERANGOON  5966.111111

[101 rows x 3 columns]
[2] group_dataframe content:
          month       town         mean  row_count
21   2015-01-01  SERANGOON  4922.421053          1
47   2015-02-01  SERANGOON  4694.578947          2
73   2015-03-01  SERANGOON  4935.189189          3
99   2015-04-01  SERANGOON  5085.846154          4
125  2015-05-01  SERANGOON  4604.062500          5
...         ...        ...          ...        ...
2517 2023-01-01  SERANGOON  5975.311111         97
2543 2023-02-01  SERANGOON  6141.647059         98
2569 2023-03-01  SERANGOON  6116.785714         99
2595 2023-04-01  SERANGOON  5881.750000        100
2621 2023-05-01  SERANGOON  5966.111111        101

[101 rows x 4 columns]
Linear regression for 'TAMPINES:'

[1] group_dataframe content:
          month      town         mean
22   2015-01-01  TAMPINES  4484.461538
48   2015-02-01  TAMPINES  4415.086957
74   2015-03-01  TAMPINES  4314.113208
100  2015-04-01  TAMPINES  4487.190476
126  2015-05-01  TAMPINES  4366.653226
...         ...       ...          ...
2518 2023-01-01  TAMPINES  5705.153846
2544 2023-02-01  TAMPINES  5630.461538
2570 2023-03-01  TAMPINES  5856.130178
2596 2023-04-01  TAMPINES  5819.418605
2622 2023-05-01  TAMPINES  6007.542857

[101 rows x 3 columns]
